<?xml version="1.0" encoding="UTF-8"?>
<testsuite name="XeroAdd" tests="1" time="75.458148" failures="0" errors="1" skipped="0" assertions="1">
  <testcase name="test_xero_invoice" time="75.457146" assertions="1">
    <error type="Selenium::WebDriver::Error::NoSuchElementError" message="Unable to locate element: {&quot;method&quot;:&quot;link text&quot;,&quot;selector&quot;:&quot;All Reports&quot;}">
Unable to locate element: {"method":"link text","selector":"All Reports"} (Selenium::WebDriver::Error::NoSuchElementError)
[remote server] file:///C:/Users/confiz/AppData/Local/Temp/webdriver-profile20140822-8908-gepeja/extensions/fxdriver@googlecode.com/components/driver_component.js:8905:133:in `FirefoxDriver.prototype.findElementInternal_'
[remote server] file:///C:/Users/confiz/AppData/Local/Temp/webdriver-profile20140822-8908-gepeja/extensions/fxdriver@googlecode.com/components/driver_component.js:396:5:in `fxdriver.Timer.prototype.setTimeout/&lt;.notify'
C:/Ruby193/lib/ruby/gems/1.9.1/gems/selenium-webdriver-2.41.0/lib/selenium/webdriver/remote/response.rb:51:in `assert_ok'
C:/Ruby193/lib/ruby/gems/1.9.1/gems/selenium-webdriver-2.41.0/lib/selenium/webdriver/remote/response.rb:15:in `initialize'
C:/Ruby193/lib/ruby/gems/1.9.1/gems/selenium-webdriver-2.41.0/lib/selenium/webdriver/remote/http/common.rb:59:in `new'
C:/Ruby193/lib/ruby/gems/1.9.1/gems/selenium-webdriver-2.41.0/lib/selenium/webdriver/remote/http/common.rb:59:in `create_response'
C:/Ruby193/lib/ruby/gems/1.9.1/gems/selenium-webdriver-2.41.0/lib/selenium/webdriver/remote/http/default.rb:66:in `request'
C:/Ruby193/lib/ruby/gems/1.9.1/gems/selenium-webdriver-2.41.0/lib/selenium/webdriver/remote/http/common.rb:40:in `call'
C:/Ruby193/lib/ruby/gems/1.9.1/gems/selenium-webdriver-2.41.0/lib/selenium/webdriver/remote/bridge.rb:634:in `raw_execute'
C:/Ruby193/lib/ruby/gems/1.9.1/gems/selenium-webdriver-2.41.0/lib/selenium/webdriver/remote/bridge.rb:612:in `execute'
C:/Ruby193/lib/ruby/gems/1.9.1/gems/selenium-webdriver-2.41.0/lib/selenium/webdriver/remote/bridge.rb:580:in `find_element_by'
C:/Ruby193/lib/ruby/gems/1.9.1/gems/selenium-webdriver-2.41.0/lib/selenium/webdriver/common/search_context.rb:42:in `find_element'
C:/workspace/Xero_Test1/Xero_Test/test/base.rb:93:in `wait_until_link_clickable'
C:/workspace/Xero_Test1/Xero_Test/test/base.rb:80:in `click_link_when_clickable'
XeroTest.rb:41:in `test_xero_invoice'
C:/Ruby193/lib/ruby/gems/1.9.1/gems/test-unit-2.5.5/lib/test/unit/testcase.rb:691:in `run_test'
C:/Ruby193/lib/ruby/gems/1.9.1/gems/test-unit-2.5.5/lib/test/unit/testcase.rb:431:in `run'
C:/Ruby193/lib/ruby/gems/1.9.1/gems/test-unit-2.5.5/lib/test/unit/testsuite.rb:121:in `run_test'
C:/Ruby193/lib/ruby/gems/1.9.1/gems/test-unit-2.5.5/lib/test/unit/testsuite.rb:53:in `run'
C:/Ruby193/lib/ruby/gems/1.9.1/gems/test-unit-2.5.5/lib/test/unit/testsuite.rb:121:in `run_test'
C:/Ruby193/lib/ruby/gems/1.9.1/gems/test-unit-2.5.5/lib/test/unit/testsuite.rb:53:in `run'
C:/Ruby193/lib/ruby/gems/1.9.1/gems/test-unit-2.5.5/lib/test/unit/ui/testrunnermediator.rb:65:in `run_suite'
C:/Ruby193/lib/ruby/gems/1.9.1/gems/test-unit-2.5.5/lib/test/unit/ui/testrunnermediator.rb:44:in `block in run'
C:/Ruby193/lib/ruby/gems/1.9.1/gems/test-unit-2.5.5/lib/test/unit/ui/testrunnermediator.rb:100:in `with_listener'
C:/Ruby193/lib/ruby/gems/1.9.1/gems/test-unit-2.5.5/lib/test/unit/ui/testrunnermediator.rb:40:in `run'
C:/Ruby193/lib/ruby/gems/1.9.1/gems/test-unit-2.5.5/lib/test/unit/ui/testrunner.rb:40:in `start_mediator'
C:/Ruby193/lib/ruby/gems/1.9.1/gems/test-unit-2.5.5/lib/test/unit/ui/testrunner.rb:25:in `start'
C:/Ruby193/lib/ruby/gems/1.9.1/gems/test-unit-2.5.5/lib/test/unit/ui/testrunnerutilities.rb:24:in `run'
C:/Ruby193/lib/ruby/gems/1.9.1/gems/test-unit-2.5.5/lib/test/unit/autorunner.rb:409:in `block in run'
C:/Ruby193/lib/ruby/gems/1.9.1/gems/test-unit-2.5.5/lib/test/unit/autorunner.rb:465:in `change_work_directory'
C:/Ruby193/lib/ruby/gems/1.9.1/gems/test-unit-2.5.5/lib/test/unit/autorunner.rb:408:in `run'
C:/Ruby193/lib/ruby/gems/1.9.1/gems/test-unit-2.5.5/lib/test/unit/autorunner.rb:59:in `run'
C:/Ruby193/lib/ruby/gems/1.9.1/gems/test-unit-2.5.5/lib/test/unit.rb:502:in `block (2 levels) in &lt;top (required)&gt;'    </error>
  </testcase>
  <system-out>
  </system-out>
  <system-err>
  </system-err>
</testsuite>
